e:\sdk\wcssdk\wcs-c-sdk\build\wcs_a.dir\debug\vc120.pdb
e:\sdk\wcssdk\wcs-c-sdk\build\wcs_a.dir\debug\cjson.obj
e:\sdk\wcssdk\wcs-c-sdk\build\wcs_a.dir\debug\urlsafe_b64.obj
e:\sdk\wcssdk\wcs-c-sdk\build\wcs_a.dir\debug\b64.obj
e:\sdk\wcssdk\wcs-c-sdk\build\wcs_a.dir\debug\tm.obj
e:\sdk\wcssdk\wcs-c-sdk\build\wcs_a.dir\debug\rs.obj
e:\sdk\wcssdk\wcs-c-sdk\build\wcs_a.dir\debug\reader.obj
e:\sdk\wcssdk\wcs-c-sdk\build\wcs_a.dir\debug\multipart_io.obj
e:\sdk\wcssdk\wcs-c-sdk\build\wcs_a.dir\debug\io.obj
e:\sdk\wcssdk\wcs-c-sdk\build\wcs_a.dir\debug\http.obj
e:\sdk\wcssdk\wcs-c-sdk\build\wcs_a.dir\debug\fop.obj
e:\sdk\wcssdk\wcs-c-sdk\build\wcs_a.dir\debug\conf.obj
e:\sdk\wcssdk\wcs-c-sdk\build\wcs_a.dir\debug\base_io.obj
e:\sdk\wcssdk\wcs-c-sdk\build\wcs_a.dir\debug\base.obj
e:\sdk\wcssdk\wcs-c-sdk\build\wcs_a.dir\debug\auth_mac.obj
e:\sdk\wcssdk\wcs-c-sdk\build\wcs_a.dir\debug\threadpool.obj
e:\sdk\wcssdk\wcs-c-sdk\build\wcs_a.dir\debug\patchfileops.obj
e:\sdk\wcssdk\wcs-c-sdk\build\wcs_a.dir\debug\log.obj
e:\sdk\wcssdk\wcs-c-sdk\build\wcs_a.dir\debug\inifile.obj
e:\sdk\wcssdk\wcs-c-sdk\build\cmakefiles\generate.stamp
e:\sdk\wcssdk\wcs-c-sdk\build\debug\wcs.lib
e:\sdk\wcssdk\wcs-c-sdk\build\wcs_a.dir\debug\wcs_a.tlog\cl.command.1.tlog
e:\sdk\wcssdk\wcs-c-sdk\build\wcs_a.dir\debug\wcs_a.tlog\cl.read.1.tlog
e:\sdk\wcssdk\wcs-c-sdk\build\wcs_a.dir\debug\wcs_a.tlog\cl.write.1.tlog
e:\sdk\wcssdk\wcs-c-sdk\build\wcs_a.dir\debug\wcs_a.tlog\custombuild.command.1.tlog
e:\sdk\wcssdk\wcs-c-sdk\build\wcs_a.dir\debug\wcs_a.tlog\custombuild.read.1.tlog
e:\sdk\wcssdk\wcs-c-sdk\build\wcs_a.dir\debug\wcs_a.tlog\custombuild.write.1.tlog
e:\sdk\wcssdk\wcs-c-sdk\build\wcs_a.dir\debug\wcs_a.tlog\lib-link.read.1.tlog
e:\sdk\wcssdk\wcs-c-sdk\build\wcs_a.dir\debug\wcs_a.tlog\lib-link.write.1.tlog
e:\sdk\wcssdk\wcs-c-sdk\build\wcs_a.dir\debug\wcs_a.tlog\lib.command.1.tlog
