e:\sdk\wcssdk\wcs-c-sdk\build\wcs.dir\debug\vc120.pdb
e:\sdk\wcssdk\wcs-c-sdk\build\wcs.dir\debug\cjson.obj
e:\sdk\wcssdk\wcs-c-sdk\build\wcs.dir\debug\urlsafe_b64.obj
e:\sdk\wcssdk\wcs-c-sdk\build\wcs.dir\debug\b64.obj
e:\sdk\wcssdk\wcs-c-sdk\build\wcs.dir\debug\tm.obj
e:\sdk\wcssdk\wcs-c-sdk\build\wcs.dir\debug\rs.obj
e:\sdk\wcssdk\wcs-c-sdk\build\wcs.dir\debug\reader.obj
e:\sdk\wcssdk\wcs-c-sdk\build\wcs.dir\debug\multipart_io.obj
e:\sdk\wcssdk\wcs-c-sdk\build\wcs.dir\debug\io.obj
e:\sdk\wcssdk\wcs-c-sdk\build\wcs.dir\debug\http.obj
e:\sdk\wcssdk\wcs-c-sdk\build\wcs.dir\debug\fop.obj
e:\sdk\wcssdk\wcs-c-sdk\build\wcs.dir\debug\conf.obj
e:\sdk\wcssdk\wcs-c-sdk\build\wcs.dir\debug\base_io.obj
e:\sdk\wcssdk\wcs-c-sdk\build\wcs.dir\debug\base.obj
e:\sdk\wcssdk\wcs-c-sdk\build\wcs.dir\debug\auth_mac.obj
e:\sdk\wcssdk\wcs-c-sdk\build\wcs.dir\debug\threadpool.obj
e:\sdk\wcssdk\wcs-c-sdk\build\wcs.dir\debug\patchfileops.obj
e:\sdk\wcssdk\wcs-c-sdk\build\wcs.dir\debug\log.obj
e:\sdk\wcssdk\wcs-c-sdk\build\wcs.dir\debug\inifile.obj
e:\sdk\wcssdk\wcs-c-sdk\build\cmakefiles\generate.stamp
e:\sdk\wcssdk\wcs-c-sdk\build\debug\wcs.ilk
e:\sdk\wcssdk\wcs-c-sdk\build\debug\wcs.dll
e:\sdk\wcssdk\wcs-c-sdk\build\debug\wcs.pdb
e:\sdk\wcssdk\wcs-c-sdk\build\debug\wcs.lib
e:\sdk\wcssdk\wcs-c-sdk\build\debug\wcs.exp
e:\sdk\wcssdk\wcs-c-sdk\build\wcs.dir\debug\wcs.tlog\cl.command.1.tlog
e:\sdk\wcssdk\wcs-c-sdk\build\wcs.dir\debug\wcs.tlog\cl.read.1.tlog
e:\sdk\wcssdk\wcs-c-sdk\build\wcs.dir\debug\wcs.tlog\cl.write.1.tlog
e:\sdk\wcssdk\wcs-c-sdk\build\wcs.dir\debug\wcs.tlog\custombuild.command.1.tlog
e:\sdk\wcssdk\wcs-c-sdk\build\wcs.dir\debug\wcs.tlog\custombuild.read.1.tlog
e:\sdk\wcssdk\wcs-c-sdk\build\wcs.dir\debug\wcs.tlog\custombuild.write.1.tlog
e:\sdk\wcssdk\wcs-c-sdk\build\wcs.dir\debug\wcs.tlog\link.command.1.tlog
e:\sdk\wcssdk\wcs-c-sdk\build\wcs.dir\debug\wcs.tlog\link.read.1.tlog
e:\sdk\wcssdk\wcs-c-sdk\build\wcs.dir\debug\wcs.tlog\link.write.1.tlog
e:\sdk\wcssdk\wcs-c-sdk\build\wcs.dir\debug\wcs.tlog\wcs.write.1u.tlog
